<?xml version="1.0" encoding="UTF-8"?>
<!-- Generated by org.testng.reporters.JUnitXMLReporter -->
<testsuite ignored="26" hostname="DESKTOP-2RH5LLD" failures="5" tests="36" name="Test" time="308.515" errors="0" timestamp="2024-09-26T18:58:49 CDT">
  <testcase classname="tests.Logintest" name="loginErrorMessageTC01" time="8.516"/>
  <testcase classname="tests.Logintest" name="loginToSalesforceTC03" time="9.544">
    <failure type="java.lang.AssertionError" message="expected [https://tekarch-a9-dev-ed.develop.my.salesforce.com/setup/forcecomHomepage.apexp?setupid=ForceCom] but found [Home Page ~ Salesforce - Developer Edition]">
      <![CDATA[java.lang.AssertionError: expected [https://tekarch-a9-dev-ed.develop.my.salesforce.com/setup/forcecomHomepage.apexp?setupid=ForceCom] but found [Home Page ~ Salesforce - Developer Edition]
at tests.Logintest.loginToSalesforceTC03(Logintest.java:77)
at java.base/java.util.concurrent.Executors$RunnableAdapter.call(Executors.java:539)
at java.base/java.util.concurrent.FutureTask.run(FutureTask.java:264)
at java.base/java.util.concurrent.ThreadPoolExecutor.runWorker(ThreadPoolExecutor.java:1136)
at java.base/java.util.concurrent.ThreadPoolExecutor$Worker.run(ThreadPoolExecutor.java:635)
at java.base/java.lang.Thread.run(Thread.java:833)
... Removed 19 stack frames]]>
    </failure>
  </testcase> <!-- loginToSalesforceTC03 -->
  <testcase classname="tests.Logintest" name="loginToSalesforceTC02" time="15.295"/>
  <testcase classname="tests.Developerconsoletest" name="verifydeveloper" time="3.265"/>
  <testcase classname="tests.Hometest" name="verifyhomeprofile" time="31.756"/>
  <testcase classname="tests.Tc07Mysettingstest" name="verifyDisplayandlayout" time="9.983">
    <failure type="org.openqa.selenium.NoSuchElementException" message="Cannot locate option with text: Reports
For documentation on this error, please visit: https://www.selenium.dev/documentation/webdriver/troubleshooting/errors#no-such-element-exception
Build info: version: &amp;apos;4.24.0&amp;apos;, revision: &amp;apos;748ffc9bc3&amp;apos;
System info: os.name: &amp;apos;Windows 10&amp;apos;, os.arch: &amp;apos;amd64&amp;apos;, os.version: &amp;apos;10.0&amp;apos;, java.version: &amp;apos;17.0.8.1&amp;apos;
Driver info: driver.version: unknown">
      <![CDATA[org.openqa.selenium.NoSuchElementException: Cannot locate option with text: Reports
For documentation on this error, please visit: https://www.selenium.dev/documentation/webdriver/troubleshooting/errors#no-such-element-exception
Build info: version: '4.24.0', revision: '748ffc9bc3'
System info: os.name: 'Windows 10', os.arch: 'amd64', os.version: '10.0', java.version: '17.0.8.1'
Driver info: driver.version: unknown
at org.openqa.selenium.support.ui.Select.selectByVisibleText(Select.java:153)
at Pages.Mysettingspage.verifyDisplayandLayout(Mysettingspage.java:164)
at tests.Tc07Mysettingstest.verifyDisplayandlayout(Tc07Mysettingstest.java:55)
at java.base/java.util.concurrent.Executors$RunnableAdapter.call(Executors.java:539)
at java.base/java.util.concurrent.FutureTask.run(FutureTask.java:264)
at java.base/java.util.concurrent.ThreadPoolExecutor.runWorker(ThreadPoolExecutor.java:1136)
at java.base/java.util.concurrent.ThreadPoolExecutor$Worker.run(ThreadPoolExecutor.java:635)
at java.base/java.lang.Thread.run(Thread.java:833)
... Removed 13 stack frames]]>
    </failure>
  </testcase> <!-- verifyDisplayandlayout -->
  <testcase classname="tests.createaccounttest" name="verifyaccountname" time="13.008"/>
  <testcase classname="tests.Tc07Mysettingstest" name="verifycalendark" time="7.527"/>
  <testcase classname="tests.Tc07Mysettingstest" name="verifyemaillink" time="6.18"/>
  <testcase classname="tests.Tc07Mysettingstest" name="verifymysettings" time="5.915"/>
  <testcase classname="tests.Tc11CreateAccounttest" name="verifycreateaccount" time="10.729"/>
  <testcase classname="tests.Logouttest" name="verifyLogout" time="32.322">
    <failure type="org.openqa.selenium.NoSuchElementException" message="no such element: Unable to locate element: {&amp;quot;method&amp;quot;:&amp;quot;xpath&amp;quot;,&amp;quot;selector&amp;quot;:&amp;quot;//a[contains(text(),&amp;apos;Logout&amp;apos;)]&amp;quot;}
  (Session info: chrome=129.0.6668.70)
For documentation on this error, please visit: https://www.selenium.dev/documentation/webdriver/troubleshooting/errors#no-such-element-exception
Build info: version: &amp;apos;4.24.0&amp;apos;, revision: &amp;apos;748ffc9bc3&amp;apos;
System info: os.name: &amp;apos;Windows 10&amp;apos;, os.arch: &amp;apos;amd64&amp;apos;, os.version: &amp;apos;10.0&amp;apos;, java.version: &amp;apos;17.0.8.1&amp;apos;
Driver info: org.openqa.selenium.chrome.ChromeDriver
Command: [0caf64dcd5db9d59c4b4d591ef7a06a0, findElement {using=xpath, value=//a[contains(text(),&amp;apos;Logout&amp;apos;)]}]
Capabilities {acceptInsecureCerts: false, browserName: chrome, browserVersion: 129.0.6668.70, chrome: {chromedriverVersion: 129.0.6668.70 (df87d5cf12b1..., userDataDir: C:\Users\Rohini\AppData\Loc...}, fedcm:accounts: true, goog:chromeOptions: {debuggerAddress: localhost:52211}, networkConnectionEnabled: false, pageLoadStrategy: normal, platformName: windows, proxy: Proxy(), se:cdp: ws://localhost:52211/devtoo..., se:cdpVersion: 129.0.6668.70, setWindowRect: true, strictFileInteractability: false, timeouts: {implicit: 0, pageLoad: 300000, script: 30000}, unhandledPromptBehavior: dismiss and notify, webauthn:extension:credBlob: true, webauthn:extension:largeBlob: true, webauthn:extension:minPinLength: true, webauthn:extension:prf: true, webauthn:virtualAuthenticators: true}
Session ID: 0caf64dcd5db9d59c4b4d591ef7a06a0">
      <![CDATA[org.openqa.selenium.NoSuchElementException: no such element: Unable to locate element: {"method":"xpath","selector":"//a[contains(text(),'Logout')]"}
  (Session info: chrome=129.0.6668.70)
For documentation on this error, please visit: https://www.selenium.dev/documentation/webdriver/troubleshooting/errors#no-such-element-exception
Build info: version: '4.24.0', revision: '748ffc9bc3'
System info: os.name: 'Windows 10', os.arch: 'amd64', os.version: '10.0', java.version: '17.0.8.1'
Driver info: org.openqa.selenium.chrome.ChromeDriver
Command: [0caf64dcd5db9d59c4b4d591ef7a06a0, findElement {using=xpath, value=//a[contains(text(),'Logout')]}]
Capabilities {acceptInsecureCerts: false, browserName: chrome, browserVersion: 129.0.6668.70, chrome: {chromedriverVersion: 129.0.6668.70 (df87d5cf12b1..., userDataDir: C:\Users\Rohini\AppData\Loc...}, fedcm:accounts: true, goog:chromeOptions: {debuggerAddress: localhost:52211}, networkConnectionEnabled: false, pageLoadStrategy: normal, platformName: windows, proxy: Proxy(), se:cdp: ws://localhost:52211/devtoo..., se:cdpVersion: 129.0.6668.70, setWindowRect: true, strictFileInteractability: false, timeouts: {implicit: 0, pageLoad: 300000, script: 30000}, unhandledPromptBehavior: dismiss and notify, webauthn:extension:credBlob: true, webauthn:extension:largeBlob: true, webauthn:extension:minPinLength: true, webauthn:extension:prf: true, webauthn:virtualAuthenticators: true}
Session ID: 0caf64dcd5db9d59c4b4d591ef7a06a0
at org.openqa.selenium.remote.ErrorCodec.decode(ErrorCodec.java:167)
at org.openqa.selenium.remote.codec.w3c.W3CHttpResponseCodec.decode(W3CHttpResponseCodec.java:138)
at org.openqa.selenium.remote.codec.w3c.W3CHttpResponseCodec.decode(W3CHttpResponseCodec.java:50)
at org.openqa.selenium.remote.HttpCommandExecutor.execute(HttpCommandExecutor.java:190)
at org.openqa.selenium.remote.service.DriverCommandExecutor.invokeExecute(DriverCommandExecutor.java:216)
at org.openqa.selenium.remote.service.DriverCommandExecutor.execute(DriverCommandExecutor.java:174)
at org.openqa.selenium.remote.RemoteWebDriver.execute(RemoteWebDriver.java:545)
at org.openqa.selenium.remote.ElementLocation$ElementFinder$2.findElement(ElementLocation.java:165)
at org.openqa.selenium.remote.ElementLocation.findElement(ElementLocation.java:59)
at org.openqa.selenium.remote.RemoteWebDriver.findElement(RemoteWebDriver.java:368)
at org.openqa.selenium.remote.RemoteWebDriver.findElement(RemoteWebDriver.java:362)
at org.openqa.selenium.support.pagefactory.DefaultElementLocator.findElement(DefaultElementLocator.java:68)
at org.openqa.selenium.support.pagefactory.internal.LocatingElementHandler.invoke(LocatingElementHandler.java:38)
at jdk.proxy2/jdk.proxy2.$Proxy34.click(Unknown Source)
at Pages.Logoutpage.selectLogout(Logoutpage.java:28)
at tests.Logouttest.verifyLogout(Logouttest.java:40)
at java.base/java.util.concurrent.Executors$RunnableAdapter.call(Executors.java:539)
at java.base/java.util.concurrent.FutureTask.run(FutureTask.java:264)
at java.base/java.util.concurrent.ThreadPoolExecutor.runWorker(ThreadPoolExecutor.java:1136)
at java.base/java.util.concurrent.ThreadPoolExecutor$Worker.run(ThreadPoolExecutor.java:635)
at java.base/java.lang.Thread.run(Thread.java:833)
... Removed 17 stack frames]]>
    </failure>
  </testcase> <!-- verifyLogout -->
  <testcase classname="tests.Tc13verifymergetest" name="verifymerge" time="12.798"/>
  <testcase classname="tests.Tc15and16171819createopportnewtest" name="verifycreateopport" time="7.954"/>
  <testcase classname="tests.Tc12Editviewtest" name="verifyeditview" time="16.248"/>
  <testcase classname="tests.Tc14Createaccountreporttest" name="verifyaccountreport" time="9.926"/>
  <testcase classname="tests.Tc15and16171819createopportnewtest" name="verifypipeline" time="2.274"/>
  <testcase classname="tests.Tc15and16171819createopportnewtest" name="verifyopportunity" time="34.516"/>
  <testcase classname="tests.Tc15and16171819createopportnewtest" name="verifyquarterly" time="25.471"/>
  <testcase classname="tests.Tc2021222324Leadtest" name="verifyLead" time="4.009"/>
  <testcase classname="tests.Tc15and16171819createopportnewtest" name="verifystuck" time="5.3"/>
  <testcase classname="tests.Tc2021222324Leadtest" name="verifyLeadselectview" time="11.486"/>
  <testcase classname="tests.Tc2021222324Leadtest" name="verifynewbuttonlead" time="12.491"/>
  <testcase classname="tests.Tc2526272829303132contactnewviewtest" name="verifycancel" time="9.79"/>
  <testcase classname="tests.Tc2021222324Leadtest" name="verifydefaultview" time="27.127"/>
  <testcase classname="tests.Tc2021222324Leadtest" name="verifytodaydeal" time="25.328">
    <failure type="org.openqa.selenium.NoSuchElementException" message="no such element: Unable to locate element: {&amp;quot;method&amp;quot;:&amp;quot;xpath&amp;quot;,&amp;quot;selector&amp;quot;:&amp;quot;//span[@class=&amp;apos;fBody&amp;apos;]//input[@name=&amp;apos;go&amp;apos;]&amp;quot;}
  (Session info: chrome=129.0.6668.70)
For documentation on this error, please visit: https://www.selenium.dev/documentation/webdriver/troubleshooting/errors#no-such-element-exception
Build info: version: &amp;apos;4.24.0&amp;apos;, revision: &amp;apos;748ffc9bc3&amp;apos;
System info: os.name: &amp;apos;Windows 10&amp;apos;, os.arch: &amp;apos;amd64&amp;apos;, os.version: &amp;apos;10.0&amp;apos;, java.version: &amp;apos;17.0.8.1&amp;apos;
Driver info: org.openqa.selenium.chrome.ChromeDriver
Command: [41af37ce11955eeec33d1c4aeea20b55, findElement {using=xpath, value=//span[@class=&amp;apos;fBody&amp;apos;]//input[@name=&amp;apos;go&amp;apos;]}]
Capabilities {acceptInsecureCerts: false, browserName: chrome, browserVersion: 129.0.6668.70, chrome: {chromedriverVersion: 129.0.6668.70 (df87d5cf12b1..., userDataDir: C:\Users\Rohini\AppData\Loc...}, fedcm:accounts: true, goog:chromeOptions: {debuggerAddress: localhost:54103}, networkConnectionEnabled: false, pageLoadStrategy: normal, platformName: windows, proxy: Proxy(), se:cdp: ws://localhost:54103/devtoo..., se:cdpVersion: 129.0.6668.70, setWindowRect: true, strictFileInteractability: false, timeouts: {implicit: 0, pageLoad: 300000, script: 30000}, unhandledPromptBehavior: dismiss and notify, webauthn:extension:credBlob: true, webauthn:extension:largeBlob: true, webauthn:extension:minPinLength: true, webauthn:extension:prf: true, webauthn:virtualAuthenticators: true}
Session ID: 41af37ce11955eeec33d1c4aeea20b55">
      <![CDATA[org.openqa.selenium.NoSuchElementException: no such element: Unable to locate element: {"method":"xpath","selector":"//span[@class='fBody']//input[@name='go']"}
  (Session info: chrome=129.0.6668.70)
For documentation on this error, please visit: https://www.selenium.dev/documentation/webdriver/troubleshooting/errors#no-such-element-exception
Build info: version: '4.24.0', revision: '748ffc9bc3'
System info: os.name: 'Windows 10', os.arch: 'amd64', os.version: '10.0', java.version: '17.0.8.1'
Driver info: org.openqa.selenium.chrome.ChromeDriver
Command: [41af37ce11955eeec33d1c4aeea20b55, findElement {using=xpath, value=//span[@class='fBody']//input[@name='go']}]
Capabilities {acceptInsecureCerts: false, browserName: chrome, browserVersion: 129.0.6668.70, chrome: {chromedriverVersion: 129.0.6668.70 (df87d5cf12b1..., userDataDir: C:\Users\Rohini\AppData\Loc...}, fedcm:accounts: true, goog:chromeOptions: {debuggerAddress: localhost:54103}, networkConnectionEnabled: false, pageLoadStrategy: normal, platformName: windows, proxy: Proxy(), se:cdp: ws://localhost:54103/devtoo..., se:cdpVersion: 129.0.6668.70, setWindowRect: true, strictFileInteractability: false, timeouts: {implicit: 0, pageLoad: 300000, script: 30000}, unhandledPromptBehavior: dismiss and notify, webauthn:extension:credBlob: true, webauthn:extension:largeBlob: true, webauthn:extension:minPinLength: true, webauthn:extension:prf: true, webauthn:virtualAuthenticators: true}
Session ID: 41af37ce11955eeec33d1c4aeea20b55
at org.openqa.selenium.remote.ErrorCodec.decode(ErrorCodec.java:167)
at org.openqa.selenium.remote.codec.w3c.W3CHttpResponseCodec.decode(W3CHttpResponseCodec.java:138)
at org.openqa.selenium.remote.codec.w3c.W3CHttpResponseCodec.decode(W3CHttpResponseCodec.java:50)
at org.openqa.selenium.remote.HttpCommandExecutor.execute(HttpCommandExecutor.java:190)
at org.openqa.selenium.remote.service.DriverCommandExecutor.invokeExecute(DriverCommandExecutor.java:216)
at org.openqa.selenium.remote.service.DriverCommandExecutor.execute(DriverCommandExecutor.java:174)
at org.openqa.selenium.remote.RemoteWebDriver.execute(RemoteWebDriver.java:545)
at org.openqa.selenium.remote.ElementLocation$ElementFinder$2.findElement(ElementLocation.java:165)
at org.openqa.selenium.remote.ElementLocation.findElement(ElementLocation.java:59)
at org.openqa.selenium.remote.RemoteWebDriver.findElement(RemoteWebDriver.java:368)
at org.openqa.selenium.remote.RemoteWebDriver.findElement(RemoteWebDriver.java:362)
at Pages.Tc2021222324Leads.verifytodayleads(Tc2021222324Leads.java:107)
at tests.Tc2021222324Leadtest.verifytodaydeal(Tc2021222324Leadtest.java:78)
at java.base/java.util.concurrent.Executors$RunnableAdapter.call(Executors.java:539)
at java.base/java.util.concurrent.FutureTask.run(FutureTask.java:264)
at java.base/java.util.concurrent.ThreadPoolExecutor.runWorker(ThreadPoolExecutor.java:1136)
at java.base/java.util.concurrent.ThreadPoolExecutor$Worker.run(ThreadPoolExecutor.java:635)
at java.base/java.lang.Thread.run(Thread.java:833)
... Removed 17 stack frames]]>
    </failure>
  </testcase> <!-- verifytodaydeal -->
  <testcase classname="tests.Tc2526272829303132contactnewviewtest" name="verifycreatecontact" time="7.568"/>
  <testcase classname="tests.Tc2526272829303132contactnewviewtest" name="verifycreatenewcontact" time="16.251"/>
  <testcase classname="tests.Tc2526272829303132contactnewviewtest" name="verifycheckmycontact" time="26.616">
    <failure type="org.openqa.selenium.NoSuchElementException" message="no such element: Unable to locate element: {&amp;quot;method&amp;quot;:&amp;quot;xpath&amp;quot;,&amp;quot;selector&amp;quot;:&amp;quot;//input[@title=&amp;apos;Go!&amp;apos;]&amp;quot;}
  (Session info: chrome=129.0.6668.70)
For documentation on this error, please visit: https://www.selenium.dev/documentation/webdriver/troubleshooting/errors#no-such-element-exception
Build info: version: &amp;apos;4.24.0&amp;apos;, revision: &amp;apos;748ffc9bc3&amp;apos;
System info: os.name: &amp;apos;Windows 10&amp;apos;, os.arch: &amp;apos;amd64&amp;apos;, os.version: &amp;apos;10.0&amp;apos;, java.version: &amp;apos;17.0.8.1&amp;apos;
Driver info: org.openqa.selenium.chrome.ChromeDriver
Command: [3c66a9e37be2affda096a2d6844edbe7, findElement {using=xpath, value=//input[@title=&amp;apos;Go!&amp;apos;]}]
Capabilities {acceptInsecureCerts: false, browserName: chrome, browserVersion: 129.0.6668.70, chrome: {chromedriverVersion: 129.0.6668.70 (df87d5cf12b1..., userDataDir: C:\Users\Rohini\AppData\Loc...}, fedcm:accounts: true, goog:chromeOptions: {debuggerAddress: localhost:54226}, networkConnectionEnabled: false, pageLoadStrategy: normal, platformName: windows, proxy: Proxy(), se:cdp: ws://localhost:54226/devtoo..., se:cdpVersion: 129.0.6668.70, setWindowRect: true, strictFileInteractability: false, timeouts: {implicit: 0, pageLoad: 300000, script: 30000}, unhandledPromptBehavior: dismiss and notify, webauthn:extension:credBlob: true, webauthn:extension:largeBlob: true, webauthn:extension:minPinLength: true, webauthn:extension:prf: true, webauthn:virtualAuthenticators: true}
Session ID: 3c66a9e37be2affda096a2d6844edbe7">
      <![CDATA[org.openqa.selenium.NoSuchElementException: no such element: Unable to locate element: {"method":"xpath","selector":"//input[@title='Go!']"}
  (Session info: chrome=129.0.6668.70)
For documentation on this error, please visit: https://www.selenium.dev/documentation/webdriver/troubleshooting/errors#no-such-element-exception
Build info: version: '4.24.0', revision: '748ffc9bc3'
System info: os.name: 'Windows 10', os.arch: 'amd64', os.version: '10.0', java.version: '17.0.8.1'
Driver info: org.openqa.selenium.chrome.ChromeDriver
Command: [3c66a9e37be2affda096a2d6844edbe7, findElement {using=xpath, value=//input[@title='Go!']}]
Capabilities {acceptInsecureCerts: false, browserName: chrome, browserVersion: 129.0.6668.70, chrome: {chromedriverVersion: 129.0.6668.70 (df87d5cf12b1..., userDataDir: C:\Users\Rohini\AppData\Loc...}, fedcm:accounts: true, goog:chromeOptions: {debuggerAddress: localhost:54226}, networkConnectionEnabled: false, pageLoadStrategy: normal, platformName: windows, proxy: Proxy(), se:cdp: ws://localhost:54226/devtoo..., se:cdpVersion: 129.0.6668.70, setWindowRect: true, strictFileInteractability: false, timeouts: {implicit: 0, pageLoad: 300000, script: 30000}, unhandledPromptBehavior: dismiss and notify, webauthn:extension:credBlob: true, webauthn:extension:largeBlob: true, webauthn:extension:minPinLength: true, webauthn:extension:prf: true, webauthn:virtualAuthenticators: true}
Session ID: 3c66a9e37be2affda096a2d6844edbe7
at org.openqa.selenium.remote.ErrorCodec.decode(ErrorCodec.java:167)
at org.openqa.selenium.remote.codec.w3c.W3CHttpResponseCodec.decode(W3CHttpResponseCodec.java:138)
at org.openqa.selenium.remote.codec.w3c.W3CHttpResponseCodec.decode(W3CHttpResponseCodec.java:50)
at org.openqa.selenium.remote.HttpCommandExecutor.execute(HttpCommandExecutor.java:190)
at org.openqa.selenium.remote.service.DriverCommandExecutor.invokeExecute(DriverCommandExecutor.java:216)
at org.openqa.selenium.remote.service.DriverCommandExecutor.execute(DriverCommandExecutor.java:174)
at org.openqa.selenium.remote.RemoteWebDriver.execute(RemoteWebDriver.java:545)
at org.openqa.selenium.remote.ElementLocation$ElementFinder$2.findElement(ElementLocation.java:165)
at org.openqa.selenium.remote.ElementLocation.findElement(ElementLocation.java:59)
at org.openqa.selenium.remote.RemoteWebDriver.findElement(RemoteWebDriver.java:368)
at org.openqa.selenium.remote.RemoteWebDriver.findElement(RemoteWebDriver.java:362)
at org.openqa.selenium.support.pagefactory.DefaultElementLocator.findElement(DefaultElementLocator.java:68)
at org.openqa.selenium.support.pagefactory.internal.LocatingElementHandler.invoke(LocatingElementHandler.java:38)
at jdk.proxy2/jdk.proxy2.$Proxy34.click(Unknown Source)
at Pages.Tc2526272829303132Contactnewviewpage.verifymycontact(Tc2526272829303132Contactnewviewpage.java:111)
at tests.Tc2526272829303132contactnewviewtest.verifycheckmycontact(Tc2526272829303132contactnewviewtest.java:78)
at java.base/java.util.concurrent.Executors$RunnableAdapter.call(Executors.java:539)
at java.base/java.util.concurrent.FutureTask.run(FutureTask.java:264)
at java.base/java.util.concurrent.ThreadPoolExecutor.runWorker(ThreadPoolExecutor.java:1136)
at java.base/java.util.concurrent.ThreadPoolExecutor$Worker.run(ThreadPoolExecutor.java:635)
at java.base/java.lang.Thread.run(Thread.java:833)
... Removed 17 stack frames]]>
    </failure>
  </testcase> <!-- verifycheckmycontact -->
  <testcase classname="tests.Tc2526272829303132contactnewviewtest" name="verifysaveandnew" time="9.886"/>
  <testcase classname="tests.Tc2526272829303132contactnewviewtest" name="verifyerror" time="10.998"/>
  <testcase classname="tests.Tc2526272829303132contactnewviewtest" name="verifyuniquename" time="6.59"/>
  <testcase classname="tests.Tc2526272829303132contactnewviewtest" name="verifyviewcontact" time="7.62"/>
  <testcase classname="tests.Tc33343536Randometest" name="verifyfirstandlast" time="6.646"/>
  <testcase classname="tests.Tc33343536Randometest" name="verifycustomtab" time="18.041"/>
  <testcase classname="tests.Tc33343536Randometest" name="verifyeditlast" time="33.688"/>
  <testcase classname="tests.Basetest" name="@BeforeSuite setup" time="0.0">
    <ignored/>
  </testcase> <!-- @BeforeSuite setup -->
  <testcase classname="tests.Basetest" name="@BeforeSuite setup" time="0.0">
    <ignored/>
  </testcase> <!-- @BeforeSuite setup -->
  <testcase classname="tests.Basetest" name="@AfterSuite tearDownFinal" time="0.0">
    <ignored/>
  </testcase> <!-- @AfterSuite tearDownFinal -->
  <testcase classname="tests.Basetest" name="@AfterSuite tearDownFinal" time="0.0">
    <ignored/>
  </testcase> <!-- @AfterSuite tearDownFinal -->
  <testcase classname="tests.Basetest" name="@AfterSuite tearDownFinal" time="0.0">
    <ignored/>
  </testcase> <!-- @AfterSuite tearDownFinal -->
  <testcase classname="tests.Basetest" name="@BeforeSuite setup" time="0.0">
    <ignored/>
  </testcase> <!-- @BeforeSuite setup -->
  <testcase classname="tests.Basetest" name="@AfterSuite tearDownFinal" time="0.0">
    <ignored/>
  </testcase> <!-- @AfterSuite tearDownFinal -->
  <testcase classname="tests.Basetest" name="@AfterSuite tearDownFinal" time="0.0">
    <ignored/>
  </testcase> <!-- @AfterSuite tearDownFinal -->
  <testcase classname="tests.Basetest" name="@AfterSuite tearDownFinal" time="0.0">
    <ignored/>
  </testcase> <!-- @AfterSuite tearDownFinal -->
  <testcase classname="tests.Basetest" name="@AfterSuite tearDownFinal" time="0.0">
    <ignored/>
  </testcase> <!-- @AfterSuite tearDownFinal -->
  <testcase classname="tests.Basetest" name="@AfterSuite tearDownFinal" time="0.0">
    <ignored/>
  </testcase> <!-- @AfterSuite tearDownFinal -->
  <testcase classname="tests.Basetest" name="@BeforeSuite setup" time="0.0">
    <ignored/>
  </testcase> <!-- @BeforeSuite setup -->
  <testcase classname="tests.Basetest" name="@BeforeSuite setup" time="0.0">
    <ignored/>
  </testcase> <!-- @BeforeSuite setup -->
  <testcase classname="tests.Basetest" name="@AfterSuite tearDownFinal" time="0.0">
    <ignored/>
  </testcase> <!-- @AfterSuite tearDownFinal -->
  <testcase classname="tests.Basetest" name="@BeforeSuite setup" time="0.0">
    <ignored/>
  </testcase> <!-- @BeforeSuite setup -->
  <testcase classname="tests.Basetest" name="@BeforeSuite setup" time="0.0">
    <ignored/>
  </testcase> <!-- @BeforeSuite setup -->
  <testcase classname="tests.Basetest" name="@AfterSuite tearDownFinal" time="0.0">
    <ignored/>
  </testcase> <!-- @AfterSuite tearDownFinal -->
  <testcase classname="tests.Basetest" name="@BeforeSuite setup" time="0.0">
    <ignored/>
  </testcase> <!-- @BeforeSuite setup -->
  <testcase classname="tests.Basetest" name="@AfterSuite tearDownFinal" time="0.0">
    <ignored/>
  </testcase> <!-- @AfterSuite tearDownFinal -->
  <testcase classname="tests.Basetest" name="@BeforeSuite setup" time="0.0">
    <ignored/>
  </testcase> <!-- @BeforeSuite setup -->
  <testcase classname="tests.Basetest" name="@AfterSuite tearDownFinal" time="0.0">
    <ignored/>
  </testcase> <!-- @AfterSuite tearDownFinal -->
  <testcase classname="tests.Basetest" name="@AfterSuite tearDownFinal" time="0.0">
    <ignored/>
  </testcase> <!-- @AfterSuite tearDownFinal -->
  <testcase classname="tests.Basetest" name="@BeforeSuite setup" time="0.0">
    <ignored/>
  </testcase> <!-- @BeforeSuite setup -->
  <testcase classname="tests.Basetest" name="@BeforeSuite setup" time="0.0">
    <ignored/>
  </testcase> <!-- @BeforeSuite setup -->
  <testcase classname="tests.Basetest" name="@BeforeSuite setup" time="0.0">
    <ignored/>
  </testcase> <!-- @BeforeSuite setup -->
  <testcase classname="tests.Basetest" name="@BeforeSuite setup" time="0.0">
    <ignored/>
  </testcase> <!-- @BeforeSuite setup -->
</testsuite> <!-- Test -->
